<?xml version="1.0" encoding="UTF-8"?>
<testsuite name="parser.xml.XmlRequestParserTest" tests="3" skipped="0" failures="0" errors="0" timestamp="2018-10-28T15:34:14" hostname="DESKTOP-I8BMK5F" time="0.244">
  <properties/>
  <testcase name="shouldReturnEmptyListIfThereIsNoRequests()" classname="parser.xml.XmlRequestParserTest" time="0.217"/>
  <testcase name="shouldThrowExceptionIfXmlFileIsWrong()" classname="parser.xml.XmlRequestParserTest" time="0.015"/>
  <testcase name="shouldReturnListOfRequestsIfFileIsCorrect()" classname="parser.xml.XmlRequestParserTest" time="0.01"/>
  <system-out><![CDATA[]]></system-out>
  <system-err><![CDATA[]]></system-err>
</testsuite>
