<?xml version="1.0" encoding="UTF-8"?>
<testsuite name="RequestsManagerTest" tests="8" skipped="0" failures="0" errors="0" timestamp="2018-10-28T15:34:14" hostname="DESKTOP-I8BMK5F" time="0.048">
  <properties/>
  <testcase name="wrongAction()" classname="RequestsManagerTest" time="0.002"/>
  <testcase name="wrongFile()" classname="RequestsManagerTest" time="0.001"/>
  <testcase name="avg()" classname="RequestsManagerTest" time="0.016"/>
  <testcase name="sum()" classname="RequestsManagerTest" time="0.004"/>
  <testcase name="list()" classname="RequestsManagerTest" time="0.005"/>
  <testcase name="count()" classname="RequestsManagerTest" time="0.006"/>
  <testcase name="filterClient1()" classname="RequestsManagerTest" time="0.006"/>
  <testcase name="filterClient2()" classname="RequestsManagerTest" time="0.004"/>
  <system-out><![CDATA[]]></system-out>
  <system-err><![CDATA[]]></system-err>
</testsuite>
